<?xml version="1.0" encoding="UTF-8"?>
<!-- Generated by org.testng.reporters.JUnitReportReporter -->
<testsuite hostname="Karthiks-MBP.lan" failures="0" tests="3" name="karthikTests.PositiveTests" time="31.020" errors="0" timestamp="2024-04-26T19:44:53 EDT" skipped="0">
  <testcase classname="karthikTests.PositiveTests" name="submitOrder" time="11.835"/>
  <testcase classname="karthikTests.PositiveTests" name="submitOrder" time="12.005"/>
  <testcase classname="karthikTests.PositiveTests" name="orderHistoryTest" time="7.180"/>
</testsuite> <!-- karthikTests.PositiveTests -->
