<?xml version="1.0" encoding="UTF-8"?>
<!-- Generated by org.testng.reporters.JUnitReportReporter -->
<testsuite hostname="Karthiks-MBP.lan" failures="0" tests="2" name="karthikTests.ErrorTests" time="18.042" errors="0" timestamp="2024-04-26T19:44:53 EDT" skipped="0">
  <testcase classname="karthikTests.ErrorTests" name="invalidLogin" time="9.009"/>
  <testcase classname="karthikTests.ErrorTests" name="productErrorValidation" time="9.033"/>
</testsuite> <!-- karthikTests.ErrorTests -->
